<?xml version="1.0" encoding="UTF-8"?>
<testng-results ignored="0" total="1" passed="1" failed="0" skipped="0">
  <reporter-output>
  </reporter-output>
  <suite started-at="2019-01-29T18:42:58Z" name="Default suite" finished-at="2019-01-29T18:43:07Z" duration-ms="9294">
    <groups>
    </groups>
    <test started-at="2019-01-29T18:42:58Z" name="Default test" finished-at="2019-01-29T18:43:07Z" duration-ms="9294">
      <class name="TestNG.loginTestMain">
        <test-method is-config="true" signature="launch()[pri:0, instance:TestNG.loginTestMain@55b0dcab]" started-at="2019-01-29T18:42:58Z" name="launch" finished-at="2019-01-29T18:43:06Z" duration-ms="8168" status="PASS">
          <reporter-output>
          </reporter-output>
        </test-method> <!-- launch -->
        <test-method signature="loginTest1()[pri:0, instance:TestNG.loginTestMain@55b0dcab]" started-at="2019-01-29T18:43:06Z" name="loginTest1" finished-at="2019-01-29T18:43:07Z" duration-ms="1064" status="PASS">
          <reporter-output>
          </reporter-output>
        </test-method> <!-- loginTest1 -->
      </class> <!-- TestNG.loginTestMain -->
    </test> <!-- Default test -->
  </suite> <!-- Default suite -->
</testng-results>
